<?xml version="1.0" encoding="UTF-8"?>
<testng-results skipped="0" failed="0" ignored="0" total="1" passed="1">
  <reporter-output>
  </reporter-output>
  <suite name="Default suite" duration-ms="20248" started-at="2018-05-04T00:55:13Z" finished-at="2018-05-04T00:55:33Z">
    <groups>
    </groups>
    <test name="Default test" duration-ms="20248" started-at="2018-05-04T00:55:13Z" finished-at="2018-05-04T00:55:33Z">
      <class name="MyPackage.NewTest">
        <test-method status="PASS" signature="setUpBeforMethod()[pri:0, instance:MyPackage.NewTest@37883b97]" name="setUpBeforMethod" is-config="true" duration-ms="6626" started-at="2018-05-03T17:55:13Z" finished-at="2018-05-03T17:55:19Z">
          <reporter-output>
          </reporter-output>
        </test-method> <!-- setUpBeforMethod -->
        <test-method status="PASS" signature="Test()[pri:0, instance:MyPackage.NewTest@37883b97]" name="Test" duration-ms="13602" started-at="2018-05-03T17:55:19Z" finished-at="2018-05-03T17:55:33Z">
          <reporter-output>
          </reporter-output>
        </test-method> <!-- Test -->
      </class> <!-- MyPackage.NewTest -->
    </test> <!-- Default test -->
  </suite> <!-- Default suite -->
</testng-results>
