<?xml version="1.0" encoding="UTF-8"?>
<testng-results skipped="0" failed="0" ignored="0" total="1" passed="1">
  <reporter-output>
  </reporter-output>
  <suite name="Default suite" duration-ms="32438" started-at="2018-10-22T19:52:31Z" finished-at="2018-10-22T19:53:03Z">
    <groups>
    </groups>
    <test name="Default test" duration-ms="32438" started-at="2018-10-22T19:52:31Z" finished-at="2018-10-22T19:53:03Z">
      <class name="VersionControlDemo.Demo">
        <test-method status="PASS" signature="setUpBeforMethod()[pri:0, instance:VersionControlDemo.Demo@7a675056]" name="setUpBeforMethod" is-config="true" duration-ms="8726" started-at="2018-10-22T19:52:31Z" finished-at="2018-10-22T19:52:39Z">
          <reporter-output>
          </reporter-output>
        </test-method> <!-- setUpBeforMethod -->
        <test-method status="PASS" signature="Test()[pri:0, instance:VersionControlDemo.Demo@7a675056]" name="Test" duration-ms="23693" started-at="2018-10-22T19:52:39Z" finished-at="2018-10-22T19:53:03Z">
          <reporter-output>
          </reporter-output>
        </test-method> <!-- Test -->
      </class> <!-- VersionControlDemo.Demo -->
    </test> <!-- Default test -->
  </suite> <!-- Default suite -->
</testng-results>
