<?xml version="1.0" encoding="UTF-8"?>
<testng-results skipped="0" failed="0" ignored="0" total="1" passed="1">
  <reporter-output>
  </reporter-output>
  <suite name="Suite" duration-ms="10467" started-at="2018-10-22T19:55:54Z" finished-at="2018-10-22T19:56:04Z">
    <groups>
    </groups>
    <test name="Demo" duration-ms="10467" started-at="2018-10-22T19:55:54Z" finished-at="2018-10-22T19:56:04Z">
      <class name="VersionControlDemo.Demo">
        <test-method status="PASS" signature="setUpBeforMethod()[pri:0, instance:VersionControlDemo.Demo@3cd3e762]" name="setUpBeforMethod" is-config="true" duration-ms="2376" started-at="2018-10-22T19:55:54Z" finished-at="2018-10-22T19:55:56Z">
          <reporter-output>
          </reporter-output>
        </test-method> <!-- setUpBeforMethod -->
        <test-method status="PASS" signature="Test()[pri:0, instance:VersionControlDemo.Demo@3cd3e762]" name="Test" duration-ms="8076" started-at="2018-10-22T19:55:56Z" finished-at="2018-10-22T19:56:04Z">
          <reporter-output>
          </reporter-output>
        </test-method> <!-- Test -->
      </class> <!-- VersionControlDemo.Demo -->
    </test> <!-- Demo -->
  </suite> <!-- Suite -->
</testng-results>
